<?xml version="1.0" encoding="UTF-8"?>
<!-- Generated by org.testng.reporters.JUnitReportReporter -->
<testsuite hostname="Siddharam" failures="0" tests="1" name="com.phoenix.tests.ui.AdminLoginTest" time="3.035" errors="0" timestamp="2025-08-25T15:18:14 IST" skipped="0">
  <testcase classname="com.phoenix.tests.ui.AdminLoginTest" name="testAdmLogin" time="3.035"/>
</testsuite> <!-- com.phoenix.tests.ui.AdminLoginTest -->
